13:34:005 [main] INFO  testCases.TC001_AccountRegistrationTest - ****** Finished testing **********
13:34:267 [main] INFO  io.github.bonigarcia.wdm.WebDriverManager - Using chromedriver 127.0.6533.119 (resolved driver for Chrome 127)
13:34:328 [main] INFO  io.github.bonigarcia.wdm.WebDriverManager - Exporting webdriver.chrome.driver as C:\Users\akeem\.cache\selenium\chromedriver\win64\127.0.6533.119\chromedriver.exe
13:39:401 [main] INFO  testCases.TC002_LoginTest - ******* Starting tc_002_LoginTest *********
13:41:940 [main] INFO  testCases.TC002_LoginTest - ******* Finished tc_002_LoginTest *********
13:42:174 [main] INFO  io.github.bonigarcia.wdm.WebDriverManager - Using chromedriver 127.0.6533.119 (resolved driver for Chrome 127)
13:42:223 [main] INFO  io.github.bonigarcia.wdm.WebDriverManager - Exporting webdriver.chrome.driver as C:\Users\akeem\.cache\selenium\chromedriver\win64\127.0.6533.119\chromedriver.exe
13:47:310 [main] INFO  testCases.TC003_LoginDDT - ******** Starting tc003_LoginDDT **********
13:50:415 [main] INFO  testCases.TC003_LoginDDT - ******** Finished tc003_LoginDDT **********
13:50:417 [main] INFO  testCases.TC003_LoginDDT - ******** Starting tc003_LoginDDT **********
13:01:762 [main] INFO  testCases.TC003_LoginDDT - ******** Finished tc003_LoginDDT **********
13:01:762 [main] INFO  testCases.TC003_LoginDDT - ******** Starting tc003_LoginDDT **********
13:14:498 [main] INFO  testCases.TC003_LoginDDT - ******** Finished tc003_LoginDDT **********
13:14:498 [main] INFO  testCases.TC003_LoginDDT - ******** Starting tc003_LoginDDT **********
13:26:703 [main] INFO  testCases.TC003_LoginDDT - ******** Finished tc003_LoginDDT **********
13:26:719 [main] INFO  testCases.TC003_LoginDDT - ******** Starting tc003_LoginDDT **********
13:32:097 [main] INFO  testCases.TC003_LoginDDT - ******** Finished tc003_LoginDDT **********
13:32:322 [main] INFO  org.testng.internal.Utils - [TestNG] Running:
  C:\Users\akeem\eclipse-workspace\OpenCartV111\master.xml

13:51:657 [main] INFO  testCases.TC001_AccountRegistrationTest - ******* Starting TC001_AccountRegistrationTest ******
13:51:775 [main] INFO  testCases.TC001_AccountRegistrationTest - ******* Clicked on My Account link ******
13:52:671 [main] INFO  testCases.TC001_AccountRegistrationTest - ******* Clicked on Register Link ******
13:52:675 [main] INFO  testCases.TC001_AccountRegistrationTest - ******* Providing Customer Details ******
13:54:728 [main] INFO  testCases.TC001_AccountRegistrationTest - ******* Validating expected message ******
13:54:793 [main] INFO  testCases.TC001_AccountRegistrationTest - ****** Finished testing **********
13:00:716 [main] INFO  testCases.TC002_LoginTest - ******* Starting tc_002_LoginTest *********
13:03:258 [main] INFO  testCases.TC002_LoginTest - ******* Finished tc_002_LoginTest *********
13:12:401 [main] INFO  testCases.TC003_LoginDDT - ******** Starting tc003_LoginDDT **********
13:16:037 [main] INFO  testCases.TC003_LoginDDT - ******** Finished tc003_LoginDDT **********
13:16:042 [main] INFO  testCases.TC003_LoginDDT - ******** Starting tc003_LoginDDT **********
13:27:597 [main] INFO  testCases.TC003_LoginDDT - ******** Finished tc003_LoginDDT **********
13:27:613 [main] INFO  testCases.TC003_LoginDDT - ******** Starting tc003_LoginDDT **********
13:43:649 [main] INFO  testCases.TC003_LoginDDT - ******** Finished tc003_LoginDDT **********
13:43:649 [main] INFO  testCases.TC003_LoginDDT - ******** Starting tc003_LoginDDT **********
13:00:319 [main] INFO  testCases.TC003_LoginDDT - ******** Finished tc003_LoginDDT **********
13:00:319 [main] INFO  testCases.TC003_LoginDDT - ******** Starting tc003_LoginDDT **********
13:05:799 [main] INFO  testCases.TC003_LoginDDT - ******** Finished tc003_LoginDDT **********
13:09:954 [main] INFO  org.testng.internal.Utils - [TestNG] Running:
  C:\Users\akeem\eclipse-workspace\OpenCartV111\crossbrowsertesting.xml

13:10:280 [TestNG-tests-3] INFO  testCases.TC001_AccountRegistrationTest - ******* Starting TC001_AccountRegistrationTest ******
13:21:898 [TestNG-tests-2] INFO  testCases.TC001_AccountRegistrationTest - ******* Starting TC001_AccountRegistrationTest ******
13:22:007 [TestNG-tests-2] INFO  testCases.TC001_AccountRegistrationTest - ******* Clicked on My Account link ******
13:23:383 [TestNG-tests-2] INFO  testCases.TC001_AccountRegistrationTest - ******* Clicked on Register Link ******
13:23:386 [TestNG-tests-2] INFO  testCases.TC001_AccountRegistrationTest - ******* Providing Customer Details ******
13:24:438 [TestNG-tests-1] INFO  testCases.TC001_AccountRegistrationTest - ******* Starting TC001_AccountRegistrationTest ******
13:25:318 [TestNG-tests-2] INFO  testCases.TC001_AccountRegistrationTest - ******* Validating expected message ******
13:25:407 [TestNG-tests-1] INFO  testCases.TC001_AccountRegistrationTest - ******* Clicked on My Account link ******
13:25:431 [TestNG-tests-2] INFO  testCases.TC001_AccountRegistrationTest - ****** Finished testing **********
