21:00:181 [main] INFO  testCases.TC003_LoginDDT - ******** Starting tc003_LoginDDT **********
21:03:420 [main] INFO  testCases.TC003_LoginDDT - ******** Finished tc003_LoginDDT **********
21:03:422 [main] INFO  testCases.TC003_LoginDDT - ******** Starting tc003_LoginDDT **********
21:15:107 [main] INFO  testCases.TC003_LoginDDT - ******** Finished tc003_LoginDDT **********
21:15:107 [main] INFO  testCases.TC003_LoginDDT - ******** Starting tc003_LoginDDT **********
21:26:998 [main] INFO  testCases.TC003_LoginDDT - ******** Finished tc003_LoginDDT **********
21:26:998 [main] INFO  testCases.TC003_LoginDDT - ******** Starting tc003_LoginDDT **********
21:39:201 [main] INFO  testCases.TC003_LoginDDT - ******** Finished tc003_LoginDDT **********
21:39:201 [main] INFO  testCases.TC003_LoginDDT - ******** Starting tc003_LoginDDT **********
21:42:133 [main] INFO  testCases.TC003_LoginDDT - ******** Finished tc003_LoginDDT **********
22:15:535 [main] INFO  io.github.bonigarcia.wdm.WebDriverManager - Using chromedriver 127.0.6533.119 (resolved driver for Chrome 127)
22:15:724 [main] INFO  io.github.bonigarcia.wdm.WebDriverManager - Exporting webdriver.chrome.driver as C:\Users\akeem\.cache\selenium\chromedriver\win64\127.0.6533.119\chromedriver.exe
22:21:985 [main] INFO  testCases.TC001_AccountRegistrationTest - ******* Starting TC001_AccountRegistrationTest ******
22:22:134 [main] INFO  testCases.TC001_AccountRegistrationTest - ******* Clicked on My Account link ******
22:23:623 [main] INFO  testCases.TC001_AccountRegistrationTest - ******* Clicked on Register Link ******
22:23:628 [main] INFO  testCases.TC001_AccountRegistrationTest - ******* Providing Customer Details ******
22:25:429 [main] INFO  testCases.TC001_AccountRegistrationTest - ******* Validating expected message ******
22:25:493 [main] INFO  testCases.TC001_AccountRegistrationTest - ****** Finished testing **********
22:25:803 [main] INFO  io.github.bonigarcia.wdm.WebDriverManager - Using chromedriver 127.0.6533.119 (resolved driver for Chrome 127)
22:25:863 [main] INFO  io.github.bonigarcia.wdm.WebDriverManager - Exporting webdriver.chrome.driver as C:\Users\akeem\.cache\selenium\chromedriver\win64\127.0.6533.119\chromedriver.exe
22:30:241 [main] INFO  testCases.TC002_LoginTest - ******* Starting tc_002_LoginTest *********
22:32:707 [main] INFO  testCases.TC002_LoginTest - ******* Finished tc_002_LoginTest *********
22:33:002 [main] INFO  io.github.bonigarcia.wdm.WebDriverManager - Using chromedriver 127.0.6533.119 (resolved driver for Chrome 127)
22:33:070 [main] INFO  io.github.bonigarcia.wdm.WebDriverManager - Exporting webdriver.chrome.driver as C:\Users\akeem\.cache\selenium\chromedriver\win64\127.0.6533.119\chromedriver.exe
22:39:544 [main] INFO  testCases.TC003_LoginDDT - ******** Starting tc003_LoginDDT **********
22:42:538 [main] INFO  testCases.TC003_LoginDDT - ******** Finished tc003_LoginDDT **********
22:42:539 [main] INFO  testCases.TC003_LoginDDT - ******** Starting tc003_LoginDDT **********
22:53:842 [main] INFO  testCases.TC003_LoginDDT - ******** Finished tc003_LoginDDT **********
22:53:842 [main] INFO  testCases.TC003_LoginDDT - ******** Starting tc003_LoginDDT **********
22:06:243 [main] INFO  testCases.TC003_LoginDDT - ******** Finished tc003_LoginDDT **********
22:06:243 [main] INFO  testCases.TC003_LoginDDT - ******** Starting tc003_LoginDDT **********
22:18:732 [main] INFO  testCases.TC003_LoginDDT - ******** Finished tc003_LoginDDT **********
22:18:732 [main] INFO  testCases.TC003_LoginDDT - ******** Starting tc003_LoginDDT **********
22:22:131 [main] INFO  testCases.TC003_LoginDDT - ******** Finished tc003_LoginDDT **********
22:12:467 [main] INFO  io.github.bonigarcia.wdm.WebDriverManager - Using chromedriver 127.0.6533.119 (resolved driver for Chrome 127)
22:12:609 [main] INFO  io.github.bonigarcia.wdm.WebDriverManager - Exporting webdriver.chrome.driver as C:\Users\akeem\.cache\selenium\chromedriver\win64\127.0.6533.119\chromedriver.exe
22:19:233 [main] INFO  testCases.TC001_AccountRegistrationTest - ******* Starting TC001_AccountRegistrationTest ******
22:19:382 [main] INFO  testCases.TC001_AccountRegistrationTest - ******* Clicked on My Account link ******
22:20:148 [main] INFO  testCases.TC001_AccountRegistrationTest - ******* Clicked on Register Link ******
22:20:149 [main] INFO  testCases.TC001_AccountRegistrationTest - ******* Providing Customer Details ******
22:22:108 [main] INFO  testCases.TC001_AccountRegistrationTest - ******* Validating expected message ******
22:22:153 [main] INFO  testCases.TC001_AccountRegistrationTest - ****** Finished testing **********
22:22:431 [main] INFO  io.github.bonigarcia.wdm.WebDriverManager - Using chromedriver 127.0.6533.119 (resolved driver for Chrome 127)
22:22:490 [main] INFO  io.github.bonigarcia.wdm.WebDriverManager - Exporting webdriver.chrome.driver as C:\Users\akeem\.cache\selenium\chromedriver\win64\127.0.6533.119\chromedriver.exe
