19:50:947 [main] INFO  org.testng.internal.Utils - [TestNG] Running:
  C:\Users\akeem\AppData\Local\Temp\testng-eclipse--995601927\testng-customsuite.xml

19:50:982 [main] INFO  org.testng.internal.Utils - [Utils] DynamicGraphHelper.createDynamicGraph() took 7 ms.
19:51:084 [main] INFO  org.testng.internal.Utils - [TestNG] Time taken by org.testng.internal.ExitCodeListener@5536379e: 0 ms
19:51:126 [main] INFO  org.testng.internal.Utils - [TestNG] Time taken by org.testng.reporters.SuiteHTMLReporter@1de5f0ef: 42 ms
19:51:224 [main] INFO  org.testng.internal.Utils - [TestNG] Time taken by org.testng.reporters.jq.Main@45be7cd5: 98 ms
19:51:242 [main] INFO  org.testng.internal.Utils - [TestNG] Time taken by org.testng.reporters.FailedReporter@319988b0: 17 ms
19:51:256 [main] INFO  org.testng.internal.Utils - [TestNG] Time taken by org.testng.reporters.XMLReporter@743cb8e0: 14 ms
19:51:271 [main] INFO  org.testng.internal.Utils - [TestNG] Time taken by org.testng.reporters.EmailableReporter2@226642a5: 15 ms
19:51:282 [main] INFO  org.testng.internal.Utils - [TestNG] Time taken by org.testng.reporters.JUnitReportReporter@5dbe30be: 10 ms
19:17:508 [main] INFO  org.testng.internal.Utils - [TestNG] Running:
  C:\Users\akeem\eclipse-workspace\OpenCartV111\master.xml

19:19:419 [main] INFO  io.github.bonigarcia.wdm.WebDriverManager - Using chromedriver 127.0.6533.119 (resolved driver for Chrome 127)
19:19:596 [main] INFO  io.github.bonigarcia.wdm.WebDriverManager - Exporting webdriver.chrome.driver as C:\Users\akeem\.cache\selenium\chromedriver\win64\127.0.6533.119\chromedriver.exe
19:26:905 [main] INFO  testCases.TC002_LoginTest - ******* Starting tc_002_LoginTest *********
19:29:038 [main] INFO  testCases.TC002_LoginTest - ******* Finished tc_002_LoginTest *********
21:57:957 [main] INFO  org.testng.internal.Utils - [TestNG] Running:
  C:\Users\akeem\eclipse-workspace\OpenCartV111\master.xml

21:59:885 [main] INFO  io.github.bonigarcia.wdm.WebDriverManager - Using chromedriver 127.0.6533.119 (resolved driver for Chrome 127)
21:00:132 [main] INFO  io.github.bonigarcia.wdm.WebDriverManager - Exporting webdriver.chrome.driver as C:\Users\akeem\.cache\selenium\chromedriver\win64\127.0.6533.119\chromedriver.exe
21:12:438 [main] INFO  testCases.TC003_LoginDDT - ******** Starting tc003_LoginDDT **********
21:16:214 [main] INFO  testCases.TC003_LoginDDT - ******** Finished tc003_LoginDDT **********
21:16:224 [main] INFO  testCases.TC003_LoginDDT - ******** Starting tc003_LoginDDT **********
21:28:025 [main] INFO  testCases.TC003_LoginDDT - ******** Finished tc003_LoginDDT **********
21:28:027 [main] INFO  testCases.TC003_LoginDDT - ******** Starting tc003_LoginDDT **********
21:41:617 [main] INFO  testCases.TC003_LoginDDT - ******** Finished tc003_LoginDDT **********
21:41:620 [main] INFO  testCases.TC003_LoginDDT - ******** Starting tc003_LoginDDT **********
21:58:310 [main] INFO  testCases.TC003_LoginDDT - ******** Finished tc003_LoginDDT **********
21:58:316 [main] INFO  testCases.TC003_LoginDDT - ******** Starting tc003_LoginDDT **********
21:04:741 [main] INFO  testCases.TC003_LoginDDT - ******** Finished tc003_LoginDDT **********
21:39:686 [main] INFO  org.testng.internal.Utils - [TestNG] Running:
  C:\Users\akeem\eclipse-workspace\OpenCartV111\master.xml

21:55:575 [main] INFO  testCases.TC003_LoginDDT - ******** Starting tc003_LoginDDT **********
21:59:257 [main] INFO  testCases.TC003_LoginDDT - ******** Finished tc003_LoginDDT **********
21:59:278 [main] INFO  testCases.TC003_LoginDDT - ******** Starting tc003_LoginDDT **********
21:10:985 [main] INFO  testCases.TC003_LoginDDT - ******** Finished tc003_LoginDDT **********
21:10:995 [main] INFO  testCases.TC003_LoginDDT - ******** Starting tc003_LoginDDT **********
21:22:656 [main] INFO  testCases.TC003_LoginDDT - ******** Finished tc003_LoginDDT **********
21:22:660 [main] INFO  testCases.TC003_LoginDDT - ******** Starting tc003_LoginDDT **********
21:34:312 [main] INFO  testCases.TC003_LoginDDT - ******** Finished tc003_LoginDDT **********
21:34:312 [main] INFO  testCases.TC003_LoginDDT - ******** Starting tc003_LoginDDT **********
21:38:260 [main] INFO  testCases.TC003_LoginDDT - ******** Finished tc003_LoginDDT **********
21:29:891 [main] INFO  org.testng.internal.Utils - [TestNG] Running:
  C:\Users\akeem\eclipse-workspace\OpenCartV111\master.xml

21:46:374 [main] INFO  testCases.TC003_LoginDDT - ******** Starting tc003_LoginDDT **********
21:50:288 [main] INFO  testCases.TC003_LoginDDT - ******** Finished tc003_LoginDDT **********
21:50:297 [main] INFO  testCases.TC003_LoginDDT - ******** Starting tc003_LoginDDT **********
21:02:164 [main] INFO  testCases.TC003_LoginDDT - ******** Finished tc003_LoginDDT **********
21:02:164 [main] INFO  testCases.TC003_LoginDDT - ******** Starting tc003_LoginDDT **********
21:15:913 [main] INFO  testCases.TC003_LoginDDT - ******** Finished tc003_LoginDDT **********
21:15:913 [main] INFO  testCases.TC003_LoginDDT - ******** Starting tc003_LoginDDT **********
