21:28:972 [main] INFO  testCases.TC003_LoginDDT - ******** Finished tc003_LoginDDT **********
21:28:993 [main] INFO  testCases.TC003_LoginDDT - ******** Starting tc003_LoginDDT **********
21:33:891 [main] INFO  testCases.TC003_LoginDDT - ******** Finished tc003_LoginDDT **********
21:41:294 [main] INFO  org.testng.internal.Utils - [TestNG] Running:
  C:\Users\akeem\eclipse-workspace\OpenCartV111\master.xml

21:41:857 [main] INFO  io.github.bonigarcia.wdm.WebDriverManager - Using chromedriver 127.0.6533.119 (resolved driver for Chrome 127)
21:42:023 [main] INFO  io.github.bonigarcia.wdm.WebDriverManager - Exporting webdriver.chrome.driver as C:\Users\akeem\.cache\selenium\chromedriver\win64\127.0.6533.119\chromedriver.exe
21:53:222 [main] INFO  testCases.TC003_LoginDDT - ******** Starting tc003_LoginDDT **********
21:56:797 [main] INFO  testCases.TC003_LoginDDT - ******** Finished tc003_LoginDDT **********
21:56:811 [main] INFO  testCases.TC003_LoginDDT - ******** Starting tc003_LoginDDT **********
21:08:757 [main] INFO  testCases.TC003_LoginDDT - ******** Finished tc003_LoginDDT **********
21:08:758 [main] INFO  testCases.TC003_LoginDDT - ******** Starting tc003_LoginDDT **********
21:24:922 [main] INFO  testCases.TC003_LoginDDT - ******** Finished tc003_LoginDDT **********
21:24:933 [main] INFO  testCases.TC003_LoginDDT - ******** Starting tc003_LoginDDT **********
21:39:186 [main] INFO  testCases.TC003_LoginDDT - ******** Finished tc003_LoginDDT **********
21:39:186 [main] INFO  testCases.TC003_LoginDDT - ******** Starting tc003_LoginDDT **********
21:43:383 [main] INFO  testCases.TC003_LoginDDT - ******** Finished tc003_LoginDDT **********
22:20:426 [main] INFO  org.testng.internal.Utils - [TestNG] Running:
  C:\Users\akeem\eclipse-workspace\OpenCartV111\master.xml

22:21:021 [main] INFO  io.github.bonigarcia.wdm.WebDriverManager - Using chromedriver 127.0.6533.119 (resolved driver for Chrome 127)
22:21:137 [main] INFO  io.github.bonigarcia.wdm.WebDriverManager - Exporting webdriver.chrome.driver as C:\Users\akeem\.cache\selenium\chromedriver\win64\127.0.6533.119\chromedriver.exe
22:30:989 [main] INFO  testCases.TC001_AccountRegistrationTest - ******* Starting TC001_AccountRegistrationTest ******
22:31:216 [main] INFO  testCases.TC001_AccountRegistrationTest - ******* Clicked on My Account link ******
22:32:481 [main] INFO  testCases.TC001_AccountRegistrationTest - ******* Clicked on Register Link ******
22:32:487 [main] INFO  testCases.TC001_AccountRegistrationTest - ******* Providing Customer Details ******
22:35:695 [main] INFO  testCases.TC001_AccountRegistrationTest - ******* Validating expected message ******
22:35:778 [main] INFO  testCases.TC001_AccountRegistrationTest - ****** Finished testing **********
22:36:254 [main] INFO  io.github.bonigarcia.wdm.WebDriverManager - Using chromedriver 127.0.6533.119 (resolved driver for Chrome 127)
22:36:452 [main] INFO  io.github.bonigarcia.wdm.WebDriverManager - Exporting webdriver.chrome.driver as C:\Users\akeem\.cache\selenium\chromedriver\win64\127.0.6533.119\chromedriver.exe
22:41:446 [main] INFO  testCases.TC002_LoginTest - ******* Starting tc_002_LoginTest *********
22:44:618 [main] INFO  testCases.TC002_LoginTest - ******* Finished tc_002_LoginTest *********
22:45:022 [main] INFO  io.github.bonigarcia.wdm.WebDriverManager - Using chromedriver 127.0.6533.119 (resolved driver for Chrome 127)
22:45:098 [main] INFO  io.github.bonigarcia.wdm.WebDriverManager - Exporting webdriver.chrome.driver as C:\Users\akeem\.cache\selenium\chromedriver\win64\127.0.6533.119\chromedriver.exe
22:52:019 [main] INFO  testCases.TC003_LoginDDT - ******** Starting tc003_LoginDDT **********
22:55:348 [main] INFO  testCases.TC003_LoginDDT - ******** Finished tc003_LoginDDT **********
22:55:348 [main] INFO  testCases.TC003_LoginDDT - ******** Starting tc003_LoginDDT **********
22:07:158 [main] INFO  testCases.TC003_LoginDDT - ******** Finished tc003_LoginDDT **********
22:07:158 [main] INFO  testCases.TC003_LoginDDT - ******** Starting tc003_LoginDDT **********
22:19:798 [main] INFO  testCases.TC003_LoginDDT - ******** Finished tc003_LoginDDT **********
22:19:798 [main] INFO  testCases.TC003_LoginDDT - ******** Starting tc003_LoginDDT **********
22:33:414 [main] INFO  testCases.TC003_LoginDDT - ******** Finished tc003_LoginDDT **********
22:33:414 [main] INFO  testCases.TC003_LoginDDT - ******** Starting tc003_LoginDDT **********
22:40:498 [main] INFO  testCases.TC003_LoginDDT - ******** Finished tc003_LoginDDT **********
20:14:260 [main] INFO  org.testng.internal.Utils - [TestNG] Running:
  C:\Users\akeem\eclipse-workspace\OpenCartV111\grouping.xml

20:15:984 [main] INFO  io.github.bonigarcia.wdm.WebDriverManager - Using chromedriver 127.0.6533.119 (resolved driver for Chrome 127)
20:16:162 [main] INFO  io.github.bonigarcia.wdm.WebDriverManager - Exporting webdriver.chrome.driver as C:\Users\akeem\.cache\selenium\chromedriver\win64\127.0.6533.119\chromedriver.exe
